<?xml version="1.0" encoding="UTF-8" standalone="no"?>
<!DOCTYPE log SYSTEM "logger.dtd">
<log>
<record>
  <date>2019-03-22T15:40:06</date>
  <millis>1553287206221</millis>
  <sequence>0</sequence>
  <level>START</level>
  <class>com.kms.katalon.core.logging.XmlKeywordLogger</class>
  <method>startSuite</method>
  <thread>1</thread>
  <message>Start Test Suite : Test Suites/Registrar_Denuncia/Registrar_Denuncia_Ordinaria/Registrar_Denuncia_Juridica</message>
  <nestedLevel>0</nestedLevel>
  <property name="name">Registrar_Denuncia_Juridica</property>
  <property name="description"></property>
  <property name="id">Test Suites/Registrar_Denuncia/Registrar_Denuncia_Ordinaria/Registrar_Denuncia_Juridica</property>
</record>
<record>
  <date>2019-03-22T15:40:06</date>
  <millis>1553287206243</millis>
  <sequence>1</sequence>
  <level>RUN_DATA</level>
  <class>com.kms.katalon.core.logging.XmlKeywordLogger</class>
  <method>logMessage</method>
  <thread>1</thread>
  <message>hostName = Melinna - 172.16.214.46</message>
  <nestedLevel>0</nestedLevel>
  <property name="hostName">Melinna - 172.16.214.46</property>
</record>
<record>
  <date>2019-03-22T15:40:06</date>
  <millis>1553287206244</millis>
  <sequence>2</sequence>
  <level>RUN_DATA</level>
  <class>com.kms.katalon.core.logging.XmlKeywordLogger</class>
  <method>logMessage</method>
  <thread>1</thread>
  <message>os = Windows 8.1 64bit</message>
  <nestedLevel>0</nestedLevel>
  <property name="os">Windows 8.1 64bit</property>
</record>
<record>
  <date>2019-03-22T15:40:06</date>
  <millis>1553287206245</millis>
  <sequence>3</sequence>
  <level>RUN_DATA</level>
  <class>com.kms.katalon.core.logging.XmlKeywordLogger</class>
  <method>logMessage</method>
  <thread>1</thread>
  <message>hostAddress = 172.16.214.46</message>
  <nestedLevel>0</nestedLevel>
  <property name="hostAddress">172.16.214.46</property>
</record>
<record>
  <date>2019-03-22T15:40:06</date>
  <millis>1553287206245</millis>
  <sequence>4</sequence>
  <level>RUN_DATA</level>
  <class>com.kms.katalon.core.logging.XmlKeywordLogger</class>
  <method>logMessage</method>
  <thread>1</thread>
  <message>katalonVersion = 6.0.5.4</message>
  <nestedLevel>0</nestedLevel>
  <property name="katalonVersion">6.0.5.4</property>
</record>
<record>
  <date>2019-03-22T15:40:06</date>
  <millis>1553287206524</millis>
  <sequence>5</sequence>
  <level>START</level>
  <class>com.kms.katalon.core.logging.XmlKeywordLogger</class>
  <method>startTest</method>
  <thread>1</thread>
  <message>Start Test Case : Test Cases/Registrar Denuncia/Denuncia Ordinaria/Denuncia Juridica/Formulario_RegistrarDenunciaOrdinaria_Juridica</message>
  <nestedLevel>1</nestedLevel>
  <property name="name">Test Cases/Registrar Denuncia/Denuncia Ordinaria/Denuncia Juridica/Formulario_RegistrarDenunciaOrdinaria_Juridica</property>
  <property name="description"></property>
  <property name="id">Test Cases/Registrar Denuncia/Denuncia Ordinaria/Denuncia Juridica/Formulario_RegistrarDenunciaOrdinaria_Juridica</property>
  <property name="source">C:\\Users\\Melinna\\Katalon Studio\\SDAntiSoborno-auto\\Test Cases\\Registrar Denuncia\\Denuncia Ordinaria\\Denuncia Juridica\\Formulario_RegistrarDenunciaOrdinaria_Juridica.tc</property>
  <property name="isOptional">false</property>
</record>
<record>
  <date>2019-03-22T15:40:06</date>
  <millis>1553287206570</millis>
  <sequence>7</sequence>
  <level>INFO</level>
  <class>com.kms.katalon.core.logging.XmlKeywordLogger</class>
  <method>logMessage</method>
  <thread>1</thread>
  <message>razonSocial_j = Quipucamayoc SAC</message>
  <nestedLevel>1</nestedLevel>
</record>
<record>
  <date>2019-03-22T15:40:06</date>
  <millis>1553287206585</millis>
  <sequence>8</sequence>
  <level>INFO</level>
  <class>com.kms.katalon.core.logging.XmlKeywordLogger</class>
  <method>logMessage</method>
  <thread>1</thread>
  <message>ruc_j = 20324321654</message>
  <nestedLevel>1</nestedLevel>
</record>
<record>
  <date>2019-03-22T15:40:06</date>
  <millis>1553287206586</millis>
  <sequence>9</sequence>
  <level>INFO</level>
  <class>com.kms.katalon.core.logging.XmlKeywordLogger</class>
  <method>logMessage</method>
  <thread>1</thread>
  <message>direccion_j = </message>
  <nestedLevel>1</nestedLevel>
</record>
<record>
  <date>2019-03-22T15:40:06</date>
  <millis>1553287206586</millis>
  <sequence>10</sequence>
  <level>INFO</level>
  <class>com.kms.katalon.core.logging.XmlKeywordLogger</class>
  <method>logMessage</method>
  <thread>1</thread>
  <message>telefono_j = 940970099</message>
  <nestedLevel>1</nestedLevel>
</record>
<record>
  <date>2019-03-22T15:40:06</date>
  <millis>1553287206586</millis>
  <sequence>11</sequence>
  <level>INFO</level>
  <class>com.kms.katalon.core.logging.XmlKeywordLogger</class>
  <method>logMessage</method>
  <thread>1</thread>
  <message>representanteL_j = Melinna Rojas</message>
  <nestedLevel>1</nestedLevel>
</record>
<record>
  <date>2019-03-22T15:40:06</date>
  <millis>1553287206586</millis>
  <sequence>12</sequence>
  <level>INFO</level>
  <class>com.kms.katalon.core.logging.XmlKeywordLogger</class>
  <method>logMessage</method>
  <thread>1</thread>
  <message>correo_j = atencion.quipu@unmsm.edu.pe</message>
  <nestedLevel>1</nestedLevel>
</record>
<record>
  <date>2019-03-22T15:40:06</date>
  <millis>1553287206586</millis>
  <sequence>13</sequence>
  <level>INFO</level>
  <class>com.kms.katalon.core.logging.XmlKeywordLogger</class>
  <method>logMessage</method>
  <thread>1</thread>
  <message>entidad_j = Rectorado UNMSM</message>
  <nestedLevel>1</nestedLevel>
</record>
<record>
  <date>2019-03-22T15:40:06</date>
  <millis>1553287206586</millis>
  <sequence>14</sequence>
  <level>INFO</level>
  <class>com.kms.katalon.core.logging.XmlKeywordLogger</class>
  <method>logMessage</method>
  <thread>1</thread>
  <message>fechasPast_j = 17/2/2019</message>
  <nestedLevel>1</nestedLevel>
</record>
<record>
  <date>2019-03-22T15:40:06</date>
  <millis>1553287206586</millis>
  <sequence>15</sequence>
  <level>INFO</level>
  <class>com.kms.katalon.core.logging.XmlKeywordLogger</class>
  <method>logMessage</method>
  <thread>1</thread>
  <message>implicado_j = </message>
  <nestedLevel>1</nestedLevel>
</record>
<record>
  <date>2019-03-22T15:40:06</date>
  <millis>1553287206586</millis>
  <sequence>16</sequence>
  <level>INFO</level>
  <class>com.kms.katalon.core.logging.XmlKeywordLogger</class>
  <method>logMessage</method>
  <thread>1</thread>
  <message>puesto_j = </message>
  <nestedLevel>1</nestedLevel>
</record>
<record>
  <date>2019-03-22T15:40:06</date>
  <millis>1553287206586</millis>
  <sequence>17</sequence>
  <level>INFO</level>
  <class>com.kms.katalon.core.logging.XmlKeywordLogger</class>
  <method>logMessage</method>
  <thread>1</thread>
  <message>detalle_j = Actos de corrupcion a plena luz del d\u00EDa,el denunciado ofrece trabajos a cambio de cierta cantidad de dinero</message>
  <nestedLevel>1</nestedLevel>
</record>
<record>
  <date>2019-03-22T15:40:06</date>
  <millis>1553287206586</millis>
  <sequence>18</sequence>
  <level>INFO</level>
  <class>com.kms.katalon.core.logging.XmlKeywordLogger</class>
  <method>logMessage</method>
  <thread>1</thread>
  <message>fechaPresent_j = </message>
  <nestedLevel>1</nestedLevel>
</record>
<record>
  <date>2019-03-22T15:40:07</date>
  <millis>1553287207145</millis>
  <sequence>19</sequence>
  <level>START</level>
  <class>com.kms.katalon.core.logging.XmlKeywordLogger</class>
  <method>startKeyword</method>
  <thread>1</thread>
  <message>Start action : callTestCase(findTestCase(\&amp;quot;Registrar Denuncia/Denuncia Ordinaria/Ingresar_RegistrarDenunciaOrdinaria\&amp;quot;), [:], STOP_ON_FAILURE)</message>
  <nestedLevel>1</nestedLevel>
  <property name="startLine">16</property>
  <property name="stepIndex">1</property>
</record>
<record>
  <date>2019-03-22T15:40:07</date>
  <millis>1553287207274</millis>
  <sequence>22</sequence>
  <level>START</level>
  <class>com.kms.katalon.core.logging.XmlKeywordLogger</class>
  <method>startTest</method>
  <thread>1</thread>
  <message>Start Test Case : Test Cases/Registrar Denuncia/Denuncia Ordinaria/Ingresar_RegistrarDenunciaOrdinaria</message>
  <nestedLevel>2</nestedLevel>
  <property name="name">Test Cases/Registrar Denuncia/Denuncia Ordinaria/Ingresar_RegistrarDenunciaOrdinaria</property>
  <property name="description"></property>
  <property name="id">Test Cases/Registrar Denuncia/Denuncia Ordinaria/Ingresar_RegistrarDenunciaOrdinaria</property>
  <property name="source">C:\\Users\\Melinna\\Katalon Studio\\SDAntiSoborno-auto\\Test Cases\\Registrar Denuncia\\Denuncia Ordinaria\\Ingresar_RegistrarDenunciaOrdinaria.tc</property>
  <property name="isOptional">false</property>
</record>
<record>
  <date>2019-03-22T15:40:07</date>
  <millis>1553287207437</millis>
  <sequence>24</sequence>
  <level>START</level>
  <class>com.kms.katalon.core.logging.XmlKeywordLogger</class>
  <method>startKeyword</method>
  <thread>1</thread>
  <message>Start action : openBrowser(\&amp;quot;\&amp;quot;)</message>
  <nestedLevel>1</nestedLevel>
  <property name="startLine">16</property>
  <property name="stepIndex">1</property>
</record>
<record>
  <date>2019-03-22T15:40:07</date>
  <millis>1553287207662</millis>
  <sequence>26</sequence>
  <level>INFO</level>
  <class>com.kms.katalon.core.logging.XmlKeywordLogger</class>
  <method>logMessage</method>
  <thread>1</thread>
  <message>Starting &amp;apos;Chrome&amp;apos; driver</message>
  <nestedLevel>2</nestedLevel>
</record>
<record>
  <date>2019-03-22T15:40:07</date>
  <millis>1553287207699</millis>
  <sequence>27</sequence>
  <level>INFO</level>
  <class>com.kms.katalon.core.logging.XmlKeywordLogger</class>
  <method>logMessage</method>
  <thread>1</thread>
  <message>Action delay is set to 0 seconds</message>
  <nestedLevel>2</nestedLevel>
</record>
<record>
  <date>2019-03-22T15:40:12</date>
  <millis>1553287212627</millis>
  <sequence>29</sequence>
  <level>RUN_DATA</level>
  <class>com.kms.katalon.core.logging.XmlKeywordLogger</class>
  <method>logMessage</method>
  <thread>1</thread>
  <message>sessionId = 6336a70361529ac6fe8ca8de76811471</message>
  <nestedLevel>2</nestedLevel>
  <property name="sessionId">6336a70361529ac6fe8ca8de76811471</property>
</record>
<record>
  <date>2019-03-22T15:40:12</date>
  <millis>1553287212647</millis>
  <sequence>30</sequence>
  <level>RUN_DATA</level>
  <class>com.kms.katalon.core.logging.XmlKeywordLogger</class>
  <method>logMessage</method>
  <thread>1</thread>
  <message>browser = Chrome 72.0.3626.121</message>
  <nestedLevel>2</nestedLevel>
  <property name="browser">Chrome 72.0.3626.121</property>
</record>
<record>
  <date>2019-03-22T15:40:12</date>
  <millis>1553287212649</millis>
  <sequence>31</sequence>
  <level>RUN_DATA</level>
  <class>com.kms.katalon.core.logging.XmlKeywordLogger</class>
  <method>logMessage</method>
  <thread>1</thread>
  <message>platform = Windows 8.1</message>
  <nestedLevel>2</nestedLevel>
  <property name="platform">Windows 8.1</property>
</record>
<record>
  <date>2019-03-22T15:40:12</date>
  <millis>1553287212656</millis>
  <sequence>32</sequence>
  <level>RUN_DATA</level>
  <class>com.kms.katalon.core.logging.XmlKeywordLogger</class>
  <method>logMessage</method>
  <thread>1</thread>
  <message>seleniumVersion = 3.7.1</message>
  <nestedLevel>2</nestedLevel>
  <property name="seleniumVersion">3.7.1</property>
</record>
<record>
  <date>2019-03-22T15:40:12</date>
  <millis>1553287212659</millis>
  <sequence>33</sequence>
  <level>RUN_DATA</level>
  <class>com.kms.katalon.core.logging.XmlKeywordLogger</class>
  <method>logMessage</method>
  <thread>1</thread>
  <message>proxyInformation = ProxyInformation{proxyOption=NO_PROXY, proxyServerType=HTTP, password=, proxyServerAddress=, proxyServerPort=0}</message>
  <nestedLevel>2</nestedLevel>
  <property name="proxyInformation">ProxyInformation{proxyOption=NO_PROXY, proxyServerType=HTTP, password=, proxyServerAddress=, proxyServerPort=0}</property>
</record>
<record>
  <date>2019-03-22T15:40:12</date>
  <millis>1553287212660</millis>
  <sequence>34</sequence>
  <level>PASSED</level>
  <class>com.kms.katalon.core.logging.XmlKeywordLogger</class>
  <method>logMessage</method>
  <thread>1</thread>
  <message>Browser is opened with url: &amp;apos;&amp;apos;</message>
  <nestedLevel>2</nestedLevel>
</record>
<record>
  <date>2019-03-22T15:40:12</date>
  <millis>1553287212667</millis>
  <sequence>35</sequence>
  <level>END</level>
  <class>com.kms.katalon.core.logging.XmlKeywordLogger</class>
  <method>endKeyword</method>
  <thread>1</thread>
  <message>End action : openBrowser(\&amp;quot;\&amp;quot;)</message>
  <nestedLevel>1</nestedLevel>
</record>
<record>
  <date>2019-03-22T15:40:12</date>
  <millis>1553287212667</millis>
  <sequence>36</sequence>
  <level>START</level>
  <class>com.kms.katalon.core.logging.XmlKeywordLogger</class>
  <method>startKeyword</method>
  <thread>1</thread>
  <message>Start action : navigateToUrl(\&amp;quot;http://172.16.179.243:4201/\&amp;quot;)</message>
  <nestedLevel>1</nestedLevel>
  <property name="startLine">18</property>
  <property name="stepIndex">2</property>
</record>
<record>
  <date>2019-03-22T15:40:37</date>
  <millis>1553287237864</millis>
  <sequence>39</sequence>
  <level>PASSED</level>
  <class>com.kms.katalon.core.logging.XmlKeywordLogger</class>
  <method>logMessage</method>
  <thread>1</thread>
  <message>Navigate to &amp;apos;http://172.16.179.243:4201/&amp;apos; successfully</message>
  <nestedLevel>2</nestedLevel>
</record>
<record>
  <date>2019-03-22T15:40:37</date>
  <millis>1553287237865</millis>
  <sequence>40</sequence>
  <level>END</level>
  <class>com.kms.katalon.core.logging.XmlKeywordLogger</class>
  <method>endKeyword</method>
  <thread>1</thread>
  <message>End action : navigateToUrl(\&amp;quot;http://172.16.179.243:4201/\&amp;quot;)</message>
  <nestedLevel>1</nestedLevel>
</record>
<record>
  <date>2019-03-22T15:40:37</date>
  <millis>1553287237865</millis>
  <sequence>41</sequence>
  <level>START</level>
  <class>com.kms.katalon.core.logging.XmlKeywordLogger</class>
  <method>startKeyword</method>
  <thread>1</thread>
  <message>Start action : click(findTestObject(\&amp;quot;Registrar Denuncia/Acceso_RegistrarDenunciaOrdinaria/a_Realizar denuncia ordinaria\&amp;quot;))</message>
  <nestedLevel>1</nestedLevel>
  <property name="startLine">20</property>
  <property name="stepIndex">3</property>
</record>
<record>
  <date>2019-03-22T15:40:38</date>
  <millis>1553287238665</millis>
  <sequence>48</sequence>
  <level>PASSED</level>
  <class>com.kms.katalon.core.logging.XmlKeywordLogger</class>
  <method>logMessage</method>
  <thread>1</thread>
  <message>Object: &amp;apos;Object Repository/Registrar Denuncia/Acceso_RegistrarDenunciaOrdinaria/a_Realizar denuncia ordinaria&amp;apos; is clicked on</message>
  <nestedLevel>2</nestedLevel>
</record>
<record>
  <date>2019-03-22T15:40:38</date>
  <millis>1553287238666</millis>
  <sequence>49</sequence>
  <level>END</level>
  <class>com.kms.katalon.core.logging.XmlKeywordLogger</class>
  <method>endKeyword</method>
  <thread>1</thread>
  <message>End action : click(findTestObject(\&amp;quot;Registrar Denuncia/Acceso_RegistrarDenunciaOrdinaria/a_Realizar denuncia ordinaria\&amp;quot;))</message>
  <nestedLevel>1</nestedLevel>
</record>
<record>
  <date>2019-03-22T15:40:38</date>
  <millis>1553287238666</millis>
  <sequence>50</sequence>
  <level>START</level>
  <class>com.kms.katalon.core.logging.XmlKeywordLogger</class>
  <method>startKeyword</method>
  <thread>1</thread>
  <message>Start action : closeBrowser()</message>
  <nestedLevel>1</nestedLevel>
  <property name="startLine">22</property>
  <property name="stepIndex">4</property>
</record>
<record>
  <date>2019-03-22T15:40:38</date>
  <millis>1553287238668</millis>
  <sequence>51</sequence>
  <level>NOT_RUN</level>
  <class>com.kms.katalon.core.logging.XmlKeywordLogger</class>
  <method>logMessage</method>
  <thread>1</thread>
  <message>NOT_RUN: closeBrowser()</message>
  <nestedLevel>2</nestedLevel>
</record>
<record>
  <date>2019-03-22T15:40:38</date>
  <millis>1553287238669</millis>
  <sequence>52</sequence>
  <level>END</level>
  <class>com.kms.katalon.core.logging.XmlKeywordLogger</class>
  <method>endKeyword</method>
  <thread>1</thread>
  <message>End action : closeBrowser()</message>
  <nestedLevel>1</nestedLevel>
</record>
<record>
  <date>2019-03-22T15:40:38</date>
  <millis>1553287238669</millis>
  <sequence>53</sequence>
  <level>PASSED</level>
  <class>com.kms.katalon.core.logging.XmlKeywordLogger</class>
  <method>logMessage</method>
  <thread>1</thread>
  <message>Test Cases/Registrar Denuncia/Denuncia Ordinaria/Ingresar_RegistrarDenunciaOrdinaria</message>
  <nestedLevel>2</nestedLevel>
</record>
<record>
  <date>2019-03-22T15:40:38</date>
  <millis>1553287238670</millis>
  <sequence>54</sequence>
  <level>END</level>
  <class>com.kms.katalon.core.logging.XmlKeywordLogger</class>
  <method>endTest</method>
  <thread>1</thread>
  <message>End Test Case : Test Cases/Registrar Denuncia/Denuncia Ordinaria/Ingresar_RegistrarDenunciaOrdinaria</message>
  <nestedLevel>1</nestedLevel>
</record>
<record>
  <date>2019-03-22T15:40:38</date>
  <millis>1553287238675</millis>
  <sequence>55</sequence>
  <level>PASSED</level>
  <class>com.kms.katalon.core.logging.XmlKeywordLogger</class>
  <method>logMessage</method>
  <thread>1</thread>
  <message>Call Test Case &amp;apos;Test Cases/Registrar Denuncia/Denuncia Ordinaria/Ingresar_RegistrarDenunciaOrdinaria&amp;apos; successfully</message>
  <nestedLevel>1</nestedLevel>
</record>
<record>
  <date>2019-03-22T15:40:38</date>
  <millis>1553287238676</millis>
  <sequence>56</sequence>
  <level>END</level>
  <class>com.kms.katalon.core.logging.XmlKeywordLogger</class>
  <method>endKeyword</method>
  <thread>1</thread>
  <message>End action : callTestCase(findTestCase(\&amp;quot;Registrar Denuncia/Denuncia Ordinaria/Ingresar_RegistrarDenunciaOrdinaria\&amp;quot;), [:], STOP_ON_FAILURE)</message>
  <nestedLevel>1</nestedLevel>
</record>
<record>
  <date>2019-03-22T15:40:38</date>
  <millis>1553287238677</millis>
  <sequence>57</sequence>
  <level>START</level>
  <class>com.kms.katalon.core.logging.XmlKeywordLogger</class>
  <method>startKeyword</method>
  <thread>1</thread>
  <message>Start action : click(findTestObject(\&amp;quot;Registrar Denuncia/Formulario_RegistrarDenuncia_Juridica/label_Jurdica\&amp;quot;))</message>
  <nestedLevel>1</nestedLevel>
  <property name="startLine">18</property>
  <property name="stepIndex">2</property>
</record>
<record>
  <date>2019-03-22T15:40:39</date>
  <millis>1553287239069</millis>
  <sequence>64</sequence>
  <level>PASSED</level>
  <class>com.kms.katalon.core.logging.XmlKeywordLogger</class>
  <method>logMessage</method>
  <thread>1</thread>
  <message>Object: &amp;apos;Object Repository/Registrar Denuncia/Formulario_RegistrarDenuncia_Juridica/label_Jurdica&amp;apos; is clicked on</message>
  <nestedLevel>1</nestedLevel>
</record>
<record>
  <date>2019-03-22T15:40:39</date>
  <millis>1553287239070</millis>
  <sequence>65</sequence>
  <level>END</level>
  <class>com.kms.katalon.core.logging.XmlKeywordLogger</class>
  <method>endKeyword</method>
  <thread>1</thread>
  <message>End action : click(findTestObject(\&amp;quot;Registrar Denuncia/Formulario_RegistrarDenuncia_Juridica/label_Jurdica\&amp;quot;))</message>
  <nestedLevel>1</nestedLevel>
</record>
<record>
  <date>2019-03-22T15:40:39</date>
  <millis>1553287239070</millis>
  <sequence>66</sequence>
  <level>START</level>
  <class>com.kms.katalon.core.logging.XmlKeywordLogger</class>
  <method>startKeyword</method>
  <thread>1</thread>
  <message>Start action : setText(findTestObject(\&amp;quot;Registrar Denuncia/Formulario_RegistrarDenuncia_Juridica/input_Razn Social()_razon_social_persona\&amp;quot;), razonSocial_j)</message>
  <nestedLevel>1</nestedLevel>
  <property name="startLine">20</property>
  <property name="stepIndex">3</property>
</record>
<record>
  <date>2019-03-22T15:40:39</date>
  <millis>1553287239415</millis>
  <sequence>78</sequence>
  <level>PASSED</level>
  <class>com.kms.katalon.core.logging.XmlKeywordLogger</class>
  <method>logMessage</method>
  <thread>1</thread>
  <message>Text &amp;apos;Quipucamayoc SAC&amp;apos; is set on object &amp;apos;Object Repository/Registrar Denuncia/Formulario_RegistrarDenuncia_Juridica/input_Razn Social()_razon_social_persona&amp;apos;</message>
  <nestedLevel>1</nestedLevel>
</record>
<record>
  <date>2019-03-22T15:40:39</date>
  <millis>1553287239416</millis>
  <sequence>79</sequence>
  <level>END</level>
  <class>com.kms.katalon.core.logging.XmlKeywordLogger</class>
  <method>endKeyword</method>
  <thread>1</thread>
  <message>End action : setText(findTestObject(\&amp;quot;Registrar Denuncia/Formulario_RegistrarDenuncia_Juridica/input_Razn Social()_razon_social_persona\&amp;quot;), razonSocial_j)</message>
  <nestedLevel>1</nestedLevel>
</record>
<record>
  <date>2019-03-22T15:40:39</date>
  <millis>1553287239417</millis>
  <sequence>80</sequence>
  <level>START</level>
  <class>com.kms.katalon.core.logging.XmlKeywordLogger</class>
  <method>startKeyword</method>
  <thread>1</thread>
  <message>Start action : setText(findTestObject(\&amp;quot;Registrar Denuncia/Formulario_RegistrarDenuncia_Juridica/input_RUC ()_ruc_persona\&amp;quot;), ruc_j)</message>
  <nestedLevel>1</nestedLevel>
  <property name="startLine">23</property>
  <property name="stepIndex">4</property>
</record>
<record>
  <date>2019-03-22T15:40:39</date>
  <millis>1553287239654</millis>
  <sequence>92</sequence>
  <level>PASSED</level>
  <class>com.kms.katalon.core.logging.XmlKeywordLogger</class>
  <method>logMessage</method>
  <thread>1</thread>
  <message>Text &amp;apos;20324321654&amp;apos; is set on object &amp;apos;Object Repository/Registrar Denuncia/Formulario_RegistrarDenuncia_Juridica/input_RUC ()_ruc_persona&amp;apos;</message>
  <nestedLevel>1</nestedLevel>
</record>
<record>
  <date>2019-03-22T15:40:39</date>
  <millis>1553287239655</millis>
  <sequence>93</sequence>
  <level>END</level>
  <class>com.kms.katalon.core.logging.XmlKeywordLogger</class>
  <method>endKeyword</method>
  <thread>1</thread>
  <message>End action : setText(findTestObject(\&amp;quot;Registrar Denuncia/Formulario_RegistrarDenuncia_Juridica/input_RUC ()_ruc_persona\&amp;quot;), ruc_j)</message>
  <nestedLevel>1</nestedLevel>
</record>
<record>
  <date>2019-03-22T15:40:39</date>
  <millis>1553287239655</millis>
  <sequence>94</sequence>
  <level>START</level>
  <class>com.kms.katalon.core.logging.XmlKeywordLogger</class>
  <method>startKeyword</method>
  <thread>1</thread>
  <message>Start action : setText(findTestObject(\&amp;quot;Registrar Denuncia/Formulario_RegistrarDenuncia_Juridica/input_Direccin_dir_persona\&amp;quot;), direccion_j)</message>
  <nestedLevel>1</nestedLevel>
  <property name="startLine">25</property>
  <property name="stepIndex">5</property>
</record>
<record>
  <date>2019-03-22T15:40:39</date>
  <millis>1553287239747</millis>
  <sequence>106</sequence>
  <level>PASSED</level>
  <class>com.kms.katalon.core.logging.XmlKeywordLogger</class>
  <method>logMessage</method>
  <thread>1</thread>
  <message>Text &amp;apos;&amp;apos; is set on object &amp;apos;Object Repository/Registrar Denuncia/Formulario_RegistrarDenuncia_Juridica/input_Direccin_dir_persona&amp;apos;</message>
  <nestedLevel>1</nestedLevel>
</record>
<record>
  <date>2019-03-22T15:40:39</date>
  <millis>1553287239749</millis>
  <sequence>107</sequence>
  <level>END</level>
  <class>com.kms.katalon.core.logging.XmlKeywordLogger</class>
  <method>endKeyword</method>
  <thread>1</thread>
  <message>End action : setText(findTestObject(\&amp;quot;Registrar Denuncia/Formulario_RegistrarDenuncia_Juridica/input_Direccin_dir_persona\&amp;quot;), direccion_j)</message>
  <nestedLevel>1</nestedLevel>
</record>
<record>
  <date>2019-03-22T15:40:39</date>
  <millis>1553287239749</millis>
  <sequence>108</sequence>
  <level>START</level>
  <class>com.kms.katalon.core.logging.XmlKeywordLogger</class>
  <method>startKeyword</method>
  <thread>1</thread>
  <message>Start action : setText(findTestObject(\&amp;quot;Registrar Denuncia/Formulario_RegistrarDenuncia_Juridica/input_Telfono de contacto()_tel_persona\&amp;quot;), telefono_j)</message>
  <nestedLevel>1</nestedLevel>
  <property name="startLine">27</property>
  <property name="stepIndex">6</property>
</record>
<record>
  <date>2019-03-22T15:40:40</date>
  <millis>1553287240126</millis>
  <sequence>120</sequence>
  <level>PASSED</level>
  <class>com.kms.katalon.core.logging.XmlKeywordLogger</class>
  <method>logMessage</method>
  <thread>1</thread>
  <message>Text &amp;apos;940970099&amp;apos; is set on object &amp;apos;Object Repository/Registrar Denuncia/Formulario_RegistrarDenuncia_Juridica/input_Telfono de contacto()_tel_persona&amp;apos;</message>
  <nestedLevel>1</nestedLevel>
</record>
<record>
  <date>2019-03-22T15:40:40</date>
  <millis>1553287240127</millis>
  <sequence>121</sequence>
  <level>END</level>
  <class>com.kms.katalon.core.logging.XmlKeywordLogger</class>
  <method>endKeyword</method>
  <thread>1</thread>
  <message>End action : setText(findTestObject(\&amp;quot;Registrar Denuncia/Formulario_RegistrarDenuncia_Juridica/input_Telfono de contacto()_tel_persona\&amp;quot;), telefono_j)</message>
  <nestedLevel>1</nestedLevel>
</record>
<record>
  <date>2019-03-22T15:40:40</date>
  <millis>1553287240127</millis>
  <sequence>122</sequence>
  <level>START</level>
  <class>com.kms.katalon.core.logging.XmlKeywordLogger</class>
  <method>startKeyword</method>
  <thread>1</thread>
  <message>Start action : setText(findTestObject(\&amp;quot;Registrar Denuncia/Formulario_RegistrarDenuncia_Juridica/input_Representante Legal()_representante_legal\&amp;quot;), representanteL_j)</message>
  <nestedLevel>1</nestedLevel>
  <property name="startLine">30</property>
  <property name="stepIndex">7</property>
</record>
<record>
  <date>2019-03-22T15:40:40</date>
  <millis>1553287240442</millis>
  <sequence>134</sequence>
  <level>PASSED</level>
  <class>com.kms.katalon.core.logging.XmlKeywordLogger</class>
  <method>logMessage</method>
  <thread>1</thread>
  <message>Text &amp;apos;Melinna Rojas&amp;apos; is set on object &amp;apos;Object Repository/Registrar Denuncia/Formulario_RegistrarDenuncia_Juridica/input_Representante Legal()_representante_legal&amp;apos;</message>
  <nestedLevel>1</nestedLevel>
</record>
<record>
  <date>2019-03-22T15:40:40</date>
  <millis>1553287240443</millis>
  <sequence>135</sequence>
  <level>END</level>
  <class>com.kms.katalon.core.logging.XmlKeywordLogger</class>
  <method>endKeyword</method>
  <thread>1</thread>
  <message>End action : setText(findTestObject(\&amp;quot;Registrar Denuncia/Formulario_RegistrarDenuncia_Juridica/input_Representante Legal()_representante_legal\&amp;quot;), representanteL_j)</message>
  <nestedLevel>1</nestedLevel>
</record>
<record>
  <date>2019-03-22T15:40:40</date>
  <millis>1553287240443</millis>
  <sequence>136</sequence>
  <level>START</level>
  <class>com.kms.katalon.core.logging.XmlKeywordLogger</class>
  <method>startKeyword</method>
  <thread>1</thread>
  <message>Start action : setText(findTestObject(\&amp;quot;Registrar Denuncia/Formulario_RegistrarDenuncia_Juridica/input_Correo Electrnico()_correo_electronico\&amp;quot;), correo_j)</message>
  <nestedLevel>1</nestedLevel>
  <property name="startLine">33</property>
  <property name="stepIndex">8</property>
</record>
<record>
  <date>2019-03-22T15:40:40</date>
  <millis>1553287240918</millis>
  <sequence>148</sequence>
  <level>PASSED</level>
  <class>com.kms.katalon.core.logging.XmlKeywordLogger</class>
  <method>logMessage</method>
  <thread>1</thread>
  <message>Text &amp;apos;atencion.quipu@unmsm.edu.pe&amp;apos; is set on object &amp;apos;Object Repository/Registrar Denuncia/Formulario_RegistrarDenuncia_Juridica/input_Correo Electrnico()_correo_electronico&amp;apos;</message>
  <nestedLevel>1</nestedLevel>
</record>
<record>
  <date>2019-03-22T15:40:40</date>
  <millis>1553287240920</millis>
  <sequence>149</sequence>
  <level>END</level>
  <class>com.kms.katalon.core.logging.XmlKeywordLogger</class>
  <method>endKeyword</method>
  <thread>1</thread>
  <message>End action : setText(findTestObject(\&amp;quot;Registrar Denuncia/Formulario_RegistrarDenuncia_Juridica/input_Correo Electrnico()_correo_electronico\&amp;quot;), correo_j)</message>
  <nestedLevel>1</nestedLevel>
</record>
<record>
  <date>2019-03-22T15:40:40</date>
  <millis>1553287240920</millis>
  <sequence>150</sequence>
  <level>START</level>
  <class>com.kms.katalon.core.logging.XmlKeywordLogger</class>
  <method>startKeyword</method>
  <thread>1</thread>
  <message>Start action : click(findTestObject(\&amp;quot;Registrar Denuncia/Formulario_RegistrarDenuncia_Juridica/label_S\&amp;quot;))</message>
  <nestedLevel>1</nestedLevel>
  <property name="startLine">36</property>
  <property name="stepIndex">9</property>
</record>
<record>
  <date>2019-03-22T15:40:41</date>
  <millis>1553287241063</millis>
  <sequence>157</sequence>
  <level>PASSED</level>
  <class>com.kms.katalon.core.logging.XmlKeywordLogger</class>
  <method>logMessage</method>
  <thread>1</thread>
  <message>Object: &amp;apos;Object Repository/Registrar Denuncia/Formulario_RegistrarDenuncia_Juridica/label_S&amp;apos; is clicked on</message>
  <nestedLevel>1</nestedLevel>
</record>
<record>
  <date>2019-03-22T15:40:41</date>
  <millis>1553287241063</millis>
  <sequence>158</sequence>
  <level>END</level>
  <class>com.kms.katalon.core.logging.XmlKeywordLogger</class>
  <method>endKeyword</method>
  <thread>1</thread>
  <message>End action : click(findTestObject(\&amp;quot;Registrar Denuncia/Formulario_RegistrarDenuncia_Juridica/label_S\&amp;quot;))</message>
  <nestedLevel>1</nestedLevel>
</record>
<record>
  <date>2019-03-22T15:40:41</date>
  <millis>1553287241064</millis>
  <sequence>159</sequence>
  <level>START</level>
  <class>com.kms.katalon.core.logging.XmlKeywordLogger</class>
  <method>startKeyword</method>
  <thread>1</thread>
  <message>Start action : setText(findTestObject(\&amp;quot;Registrar Denuncia/Formulario_RegistrarDenuncia_Juridica/input_No_entidad_presentada\&amp;quot;), entidad_j)</message>
  <nestedLevel>1</nestedLevel>
  <property name="startLine">38</property>
  <property name="stepIndex">10</property>
</record>
<record>
  <date>2019-03-22T15:40:41</date>
  <millis>1553287241420</millis>
  <sequence>171</sequence>
  <level>PASSED</level>
  <class>com.kms.katalon.core.logging.XmlKeywordLogger</class>
  <method>logMessage</method>
  <thread>1</thread>
  <message>Text &amp;apos;Rectorado UNMSM&amp;apos; is set on object &amp;apos;Object Repository/Registrar Denuncia/Formulario_RegistrarDenuncia_Juridica/input_No_entidad_presentada&amp;apos;</message>
  <nestedLevel>1</nestedLevel>
</record>
<record>
  <date>2019-03-22T15:40:41</date>
  <millis>1553287241421</millis>
  <sequence>172</sequence>
  <level>END</level>
  <class>com.kms.katalon.core.logging.XmlKeywordLogger</class>
  <method>endKeyword</method>
  <thread>1</thread>
  <message>End action : setText(findTestObject(\&amp;quot;Registrar Denuncia/Formulario_RegistrarDenuncia_Juridica/input_No_entidad_presentada\&amp;quot;), entidad_j)</message>
  <nestedLevel>1</nestedLevel>
</record>
<record>
  <date>2019-03-22T15:40:41</date>
  <millis>1553287241421</millis>
  <sequence>173</sequence>
  <level>START</level>
  <class>com.kms.katalon.core.logging.XmlKeywordLogger</class>
  <method>startKeyword</method>
  <thread>1</thread>
  <message>Start action : setText(findTestObject(\&amp;quot;Registrar Denuncia/Formulario_RegistrarDenuncia_Juridica/input_Ejm rgano de Control Institucional_fecha_presentada\&amp;quot;), fechasPast_j)</message>
  <nestedLevel>1</nestedLevel>
  <property name="startLine">40</property>
  <property name="stepIndex">11</property>
</record>
<record>
  <date>2019-03-22T15:40:41</date>
  <millis>1553287241728</millis>
  <sequence>185</sequence>
  <level>PASSED</level>
  <class>com.kms.katalon.core.logging.XmlKeywordLogger</class>
  <method>logMessage</method>
  <thread>1</thread>
  <message>Text &amp;apos;17/2/2019&amp;apos; is set on object &amp;apos;Object Repository/Registrar Denuncia/Formulario_RegistrarDenuncia_Juridica/input_Ejm rgano de Control Institucional_fecha_presentada&amp;apos;</message>
  <nestedLevel>1</nestedLevel>
</record>
<record>
  <date>2019-03-22T15:40:41</date>
  <millis>1553287241731</millis>
  <sequence>186</sequence>
  <level>END</level>
  <class>com.kms.katalon.core.logging.XmlKeywordLogger</class>
  <method>endKeyword</method>
  <thread>1</thread>
  <message>End action : setText(findTestObject(\&amp;quot;Registrar Denuncia/Formulario_RegistrarDenuncia_Juridica/input_Ejm rgano de Control Institucional_fecha_presentada\&amp;quot;), fechasPast_j)</message>
  <nestedLevel>1</nestedLevel>
</record>
<record>
  <date>2019-03-22T15:40:41</date>
  <millis>1553287241731</millis>
  <sequence>187</sequence>
  <level>START</level>
  <class>com.kms.katalon.core.logging.XmlKeywordLogger</class>
  <method>startKeyword</method>
  <thread>1</thread>
  <message>Start action : delay(1)</message>
  <nestedLevel>1</nestedLevel>
  <property name="startLine">44</property>
  <property name="stepIndex">12</property>
  <property name="description">Delay para que busque el span del Lugar de Trabajo</property>
</record>
<record>
  <date>2019-03-22T15:40:42</date>
  <millis>1553287242741</millis>
  <sequence>189</sequence>
  <level>PASSED</level>
  <class>com.kms.katalon.core.logging.XmlKeywordLogger</class>
  <method>logMessage</method>
  <thread>1</thread>
  <message>Delayed 1 second(s)</message>
  <nestedLevel>1</nestedLevel>
</record>
<record>
  <date>2019-03-22T15:40:42</date>
  <millis>1553287242743</millis>
  <sequence>190</sequence>
  <level>END</level>
  <class>com.kms.katalon.core.logging.XmlKeywordLogger</class>
  <method>endKeyword</method>
  <thread>1</thread>
  <message>End action : delay(1)</message>
  <nestedLevel>1</nestedLevel>
</record>
<record>
  <date>2019-03-22T15:40:42</date>
  <millis>1553287242744</millis>
  <sequence>191</sequence>
  <level>START</level>
  <class>com.kms.katalon.core.logging.XmlKeywordLogger</class>
  <method>startKeyword</method>
  <thread>1</thread>
  <message>Start action : click(findTestObject(\&amp;quot;Registrar Denuncia/Formulario_RegistrarDenuncia_Juridica/span_Lugar de trabajo del denunciado\&amp;quot;))</message>
  <nestedLevel>1</nestedLevel>
  <property name="startLine">46</property>
  <property name="stepIndex">13</property>
</record>
<record>
  <date>2019-03-22T15:40:42</date>
  <millis>1553287242985</millis>
  <sequence>198</sequence>
  <level>PASSED</level>
  <class>com.kms.katalon.core.logging.XmlKeywordLogger</class>
  <method>logMessage</method>
  <thread>1</thread>
  <message>Object: &amp;apos;Object Repository/Registrar Denuncia/Formulario_RegistrarDenuncia_Juridica/span_Lugar de trabajo del denunciado&amp;apos; is clicked on</message>
  <nestedLevel>1</nestedLevel>
</record>
<record>
  <date>2019-03-22T15:40:42</date>
  <millis>1553287242986</millis>
  <sequence>199</sequence>
  <level>END</level>
  <class>com.kms.katalon.core.logging.XmlKeywordLogger</class>
  <method>endKeyword</method>
  <thread>1</thread>
  <message>End action : click(findTestObject(\&amp;quot;Registrar Denuncia/Formulario_RegistrarDenuncia_Juridica/span_Lugar de trabajo del denunciado\&amp;quot;))</message>
  <nestedLevel>1</nestedLevel>
</record>
<record>
  <date>2019-03-22T15:40:42</date>
  <millis>1553287242986</millis>
  <sequence>200</sequence>
  <level>START</level>
  <class>com.kms.katalon.core.logging.XmlKeywordLogger</class>
  <method>startKeyword</method>
  <thread>1</thread>
  <message>Start action : click(findTestObject(\&amp;quot;Registrar Denuncia/Formulario_RegistrarDenuncia_Juridica/span_ALIANZA ESTRATGICA\&amp;quot;))</message>
  <nestedLevel>1</nestedLevel>
  <property name="startLine">48</property>
  <property name="stepIndex">14</property>
</record>
<record>
  <date>2019-03-22T15:40:43</date>
  <millis>1553287243164</millis>
  <sequence>207</sequence>
  <level>PASSED</level>
  <class>com.kms.katalon.core.logging.XmlKeywordLogger</class>
  <method>logMessage</method>
  <thread>1</thread>
  <message>Object: &amp;apos;Object Repository/Registrar Denuncia/Formulario_RegistrarDenuncia_Juridica/span_ALIANZA ESTRATGICA&amp;apos; is clicked on</message>
  <nestedLevel>1</nestedLevel>
</record>
<record>
  <date>2019-03-22T15:40:43</date>
  <millis>1553287243164</millis>
  <sequence>208</sequence>
  <level>END</level>
  <class>com.kms.katalon.core.logging.XmlKeywordLogger</class>
  <method>endKeyword</method>
  <thread>1</thread>
  <message>End action : click(findTestObject(\&amp;quot;Registrar Denuncia/Formulario_RegistrarDenuncia_Juridica/span_ALIANZA ESTRATGICA\&amp;quot;))</message>
  <nestedLevel>1</nestedLevel>
</record>
<record>
  <date>2019-03-22T15:40:43</date>
  <millis>1553287243165</millis>
  <sequence>209</sequence>
  <level>START</level>
  <class>com.kms.katalon.core.logging.XmlKeywordLogger</class>
  <method>startKeyword</method>
  <thread>1</thread>
  <message>Start action : setText(findTestObject(\&amp;quot;Registrar Denuncia/Formulario_RegistrarDenuncia_Juridica/input_El campo es obligatorio_nom_ape_denunciado1\&amp;quot;), implicado_j)</message>
  <nestedLevel>1</nestedLevel>
  <property name="startLine">50</property>
  <property name="stepIndex">15</property>
</record>
<record>
  <date>2019-03-22T15:40:43</date>
  <millis>1553287243310</millis>
  <sequence>221</sequence>
  <level>PASSED</level>
  <class>com.kms.katalon.core.logging.XmlKeywordLogger</class>
  <method>logMessage</method>
  <thread>1</thread>
  <message>Text &amp;apos;&amp;apos; is set on object &amp;apos;Object Repository/Registrar Denuncia/Formulario_RegistrarDenuncia_Juridica/input_El campo es obligatorio_nom_ape_denunciado1&amp;apos;</message>
  <nestedLevel>1</nestedLevel>
</record>
<record>
  <date>2019-03-22T15:40:43</date>
  <millis>1553287243312</millis>
  <sequence>222</sequence>
  <level>END</level>
  <class>com.kms.katalon.core.logging.XmlKeywordLogger</class>
  <method>endKeyword</method>
  <thread>1</thread>
  <message>End action : setText(findTestObject(\&amp;quot;Registrar Denuncia/Formulario_RegistrarDenuncia_Juridica/input_El campo es obligatorio_nom_ape_denunciado1\&amp;quot;), implicado_j)</message>
  <nestedLevel>1</nestedLevel>
</record>
<record>
  <date>2019-03-22T15:40:43</date>
  <millis>1553287243312</millis>
  <sequence>223</sequence>
  <level>START</level>
  <class>com.kms.katalon.core.logging.XmlKeywordLogger</class>
  <method>startKeyword</method>
  <thread>1</thread>
  <message>Start action : setText(findTestObject(\&amp;quot;Registrar Denuncia/Formulario_RegistrarDenuncia_Juridica/input_Opcional_puesto_denunciado1\&amp;quot;), puesto_j)</message>
  <nestedLevel>1</nestedLevel>
  <property name="startLine">53</property>
  <property name="stepIndex">16</property>
</record>
<record>
  <date>2019-03-22T15:40:43</date>
  <millis>1553287243451</millis>
  <sequence>235</sequence>
  <level>PASSED</level>
  <class>com.kms.katalon.core.logging.XmlKeywordLogger</class>
  <method>logMessage</method>
  <thread>1</thread>
  <message>Text &amp;apos;&amp;apos; is set on object &amp;apos;Object Repository/Registrar Denuncia/Formulario_RegistrarDenuncia_Juridica/input_Opcional_puesto_denunciado1&amp;apos;</message>
  <nestedLevel>1</nestedLevel>
</record>
<record>
  <date>2019-03-22T15:40:43</date>
  <millis>1553287243452</millis>
  <sequence>236</sequence>
  <level>END</level>
  <class>com.kms.katalon.core.logging.XmlKeywordLogger</class>
  <method>endKeyword</method>
  <thread>1</thread>
  <message>End action : setText(findTestObject(\&amp;quot;Registrar Denuncia/Formulario_RegistrarDenuncia_Juridica/input_Opcional_puesto_denunciado1\&amp;quot;), puesto_j)</message>
  <nestedLevel>1</nestedLevel>
</record>
<record>
  <date>2019-03-22T15:40:43</date>
  <millis>1553287243452</millis>
  <sequence>237</sequence>
  <level>START</level>
  <class>com.kms.katalon.core.logging.XmlKeywordLogger</class>
  <method>startKeyword</method>
  <thread>1</thread>
  <message>Start action : setText(findTestObject(\&amp;quot;Registrar Denuncia/Formulario_RegistrarDenuncia_Juridica/textarea_Detalle lo sucedido ()_detalle_hechos\&amp;quot;), detalle_j)</message>
  <nestedLevel>1</nestedLevel>
  <property name="startLine">56</property>
  <property name="stepIndex">17</property>
</record>
<record>
  <date>2019-03-22T15:40:44</date>
  <millis>1553287244528</millis>
  <sequence>249</sequence>
  <level>PASSED</level>
  <class>com.kms.katalon.core.logging.XmlKeywordLogger</class>
  <method>logMessage</method>
  <thread>1</thread>
  <message>Text &amp;apos;Actos de corrupcion a plena luz del d\u00EDa,el denunciado ofrece trabajos a cambio de cierta cantidad de dinero&amp;apos; is set on object &amp;apos;Object Repository/Registrar Denuncia/Formulario_RegistrarDenuncia_Juridica/textarea_Detalle lo sucedido ()_detalle_hechos&amp;apos;</message>
  <nestedLevel>1</nestedLevel>
</record>
<record>
  <date>2019-03-22T15:40:44</date>
  <millis>1553287244529</millis>
  <sequence>250</sequence>
  <level>END</level>
  <class>com.kms.katalon.core.logging.XmlKeywordLogger</class>
  <method>endKeyword</method>
  <thread>1</thread>
  <message>End action : setText(findTestObject(\&amp;quot;Registrar Denuncia/Formulario_RegistrarDenuncia_Juridica/textarea_Detalle lo sucedido ()_detalle_hechos\&amp;quot;), detalle_j)</message>
  <nestedLevel>1</nestedLevel>
</record>
<record>
  <date>2019-03-22T15:40:44</date>
  <millis>1553287244529</millis>
  <sequence>251</sequence>
  <level>START</level>
  <class>com.kms.katalon.core.logging.XmlKeywordLogger</class>
  <method>startKeyword</method>
  <thread>1</thread>
  <message>Start action : setText(findTestObject(\&amp;quot;Registrar Denuncia/Formulario_RegistrarDenuncia_Juridica/input_Fecha de los hechos_fecha_hechos\&amp;quot;), fechaPresent_j)</message>
  <nestedLevel>1</nestedLevel>
  <property name="startLine">59</property>
  <property name="stepIndex">18</property>
</record>
<record>
  <date>2019-03-22T15:40:44</date>
  <millis>1553287244902</millis>
  <sequence>263</sequence>
  <level>PASSED</level>
  <class>com.kms.katalon.core.logging.XmlKeywordLogger</class>
  <method>logMessage</method>
  <thread>1</thread>
  <message>Text &amp;apos;&amp;apos; is set on object &amp;apos;Object Repository/Registrar Denuncia/Formulario_RegistrarDenuncia_Juridica/input_Fecha de los hechos_fecha_hechos&amp;apos;</message>
  <nestedLevel>1</nestedLevel>
</record>
<record>
  <date>2019-03-22T15:40:44</date>
  <millis>1553287244903</millis>
  <sequence>264</sequence>
  <level>END</level>
  <class>com.kms.katalon.core.logging.XmlKeywordLogger</class>
  <method>endKeyword</method>
  <thread>1</thread>
  <message>End action : setText(findTestObject(\&amp;quot;Registrar Denuncia/Formulario_RegistrarDenuncia_Juridica/input_Fecha de los hechos_fecha_hechos\&amp;quot;), fechaPresent_j)</message>
  <nestedLevel>1</nestedLevel>
</record>
<record>
  <date>2019-03-22T15:40:44</date>
  <millis>1553287244904</millis>
  <sequence>265</sequence>
  <level>START</level>
  <class>com.kms.katalon.core.logging.XmlKeywordLogger</class>
  <method>startKeyword</method>
  <thread>1</thread>
  <message>Start action : delay(1)</message>
  <nestedLevel>1</nestedLevel>
  <property name="startLine">63</property>
  <property name="stepIndex">19</property>
  <property name="description">Delay para que valide los campos</property>
</record>
<record>
  <date>2019-03-22T15:40:45</date>
  <millis>1553287245906</millis>
  <sequence>267</sequence>
  <level>PASSED</level>
  <class>com.kms.katalon.core.logging.XmlKeywordLogger</class>
  <method>logMessage</method>
  <thread>1</thread>
  <message>Delayed 1 second(s)</message>
  <nestedLevel>1</nestedLevel>
</record>
<record>
  <date>2019-03-22T15:40:45</date>
  <millis>1553287245908</millis>
  <sequence>268</sequence>
  <level>END</level>
  <class>com.kms.katalon.core.logging.XmlKeywordLogger</class>
  <method>endKeyword</method>
  <thread>1</thread>
  <message>End action : delay(1)</message>
  <nestedLevel>1</nestedLevel>
</record>
<record>
  <date>2019-03-22T15:40:45</date>
  <millis>1553287245908</millis>
  <sequence>269</sequence>
  <level>START</level>
  <class>com.kms.katalon.core.logging.XmlKeywordLogger</class>
  <method>startKeyword</method>
  <thread>1</thread>
  <message>Start action : click(findTestObject(\&amp;quot;Registrar Denuncia/Formulario_RegistrarDenuncia_Juridica/label_Estoy de acuerdo con el compromiso\&amp;quot;))</message>
  <nestedLevel>1</nestedLevel>
  <property name="startLine">65</property>
  <property name="stepIndex">20</property>
</record>
<record>
  <date>2019-03-22T15:40:46</date>
  <millis>1553287246132</millis>
  <sequence>276</sequence>
  <level>PASSED</level>
  <class>com.kms.katalon.core.logging.XmlKeywordLogger</class>
  <method>logMessage</method>
  <thread>1</thread>
  <message>Object: &amp;apos;Object Repository/Registrar Denuncia/Formulario_RegistrarDenuncia_Juridica/label_Estoy de acuerdo con el compromiso&amp;apos; is clicked on</message>
  <nestedLevel>1</nestedLevel>
</record>
<record>
  <date>2019-03-22T15:40:46</date>
  <millis>1553287246133</millis>
  <sequence>277</sequence>
  <level>END</level>
  <class>com.kms.katalon.core.logging.XmlKeywordLogger</class>
  <method>endKeyword</method>
  <thread>1</thread>
  <message>End action : click(findTestObject(\&amp;quot;Registrar Denuncia/Formulario_RegistrarDenuncia_Juridica/label_Estoy de acuerdo con el compromiso\&amp;quot;))</message>
  <nestedLevel>1</nestedLevel>
</record>
<record>
  <date>2019-03-22T15:40:46</date>
  <millis>1553287246133</millis>
  <sequence>278</sequence>
  <level>START</level>
  <class>com.kms.katalon.core.logging.XmlKeywordLogger</class>
  <method>startKeyword</method>
  <thread>1</thread>
  <message>Start action : delay(1)</message>
  <nestedLevel>1</nestedLevel>
  <property name="startLine">67</property>
  <property name="stepIndex">21</property>
</record>
<record>
  <date>2019-03-22T15:40:47</date>
  <millis>1553287247136</millis>
  <sequence>280</sequence>
  <level>PASSED</level>
  <class>com.kms.katalon.core.logging.XmlKeywordLogger</class>
  <method>logMessage</method>
  <thread>1</thread>
  <message>Delayed 1 second(s)</message>
  <nestedLevel>1</nestedLevel>
</record>
<record>
  <date>2019-03-22T15:40:47</date>
  <millis>1553287247137</millis>
  <sequence>281</sequence>
  <level>END</level>
  <class>com.kms.katalon.core.logging.XmlKeywordLogger</class>
  <method>endKeyword</method>
  <thread>1</thread>
  <message>End action : delay(1)</message>
  <nestedLevel>1</nestedLevel>
</record>
<record>
  <date>2019-03-22T15:40:47</date>
  <millis>1553287247138</millis>
  <sequence>282</sequence>
  <level>START</level>
  <class>com.kms.katalon.core.logging.XmlKeywordLogger</class>
  <method>startKeyword</method>
  <thread>1</thread>
  <message>Start action : click(findTestObject(\&amp;quot;Registrar Denuncia/Formulario_RegistrarDenuncia_Juridica/input_Estoy de acuerdo con el compromiso_btn btn-success\&amp;quot;))</message>
  <nestedLevel>1</nestedLevel>
  <property name="startLine">69</property>
  <property name="stepIndex">22</property>
</record>
<record>
  <date>2019-03-22T15:40:47</date>
  <millis>1553287247471</millis>
  <sequence>289</sequence>
  <level>PASSED</level>
  <class>com.kms.katalon.core.logging.XmlKeywordLogger</class>
  <method>logMessage</method>
  <thread>1</thread>
  <message>Object: &amp;apos;Object Repository/Registrar Denuncia/Formulario_RegistrarDenuncia_Juridica/input_Estoy de acuerdo con el compromiso_btn btn-success&amp;apos; is clicked on</message>
  <nestedLevel>1</nestedLevel>
</record>
<record>
  <date>2019-03-22T15:40:47</date>
  <millis>1553287247472</millis>
  <sequence>290</sequence>
  <level>END</level>
  <class>com.kms.katalon.core.logging.XmlKeywordLogger</class>
  <method>endKeyword</method>
  <thread>1</thread>
  <message>End action : click(findTestObject(\&amp;quot;Registrar Denuncia/Formulario_RegistrarDenuncia_Juridica/input_Estoy de acuerdo con el compromiso_btn btn-success\&amp;quot;))</message>
  <nestedLevel>1</nestedLevel>
</record>
<record>
  <date>2019-03-22T15:40:47</date>
  <millis>1553287247472</millis>
  <sequence>291</sequence>
  <level>START</level>
  <class>com.kms.katalon.core.logging.XmlKeywordLogger</class>
  <method>startKeyword</method>
  <thread>1</thread>
  <message>Start action : delay(1)</message>
  <nestedLevel>1</nestedLevel>
  <property name="startLine">72</property>
  <property name="stepIndex">23</property>
  <property name="description">Delay para que aparezca la ventana emergente\r\n</property>
</record>
<record>
  <date>2019-03-22T15:40:48</date>
  <millis>1553287248476</millis>
  <sequence>293</sequence>
  <level>PASSED</level>
  <class>com.kms.katalon.core.logging.XmlKeywordLogger</class>
  <method>logMessage</method>
  <thread>1</thread>
  <message>Delayed 1 second(s)</message>
  <nestedLevel>1</nestedLevel>
</record>
<record>
  <date>2019-03-22T15:40:48</date>
  <millis>1553287248477</millis>
  <sequence>294</sequence>
  <level>END</level>
  <class>com.kms.katalon.core.logging.XmlKeywordLogger</class>
  <method>endKeyword</method>
  <thread>1</thread>
  <message>End action : delay(1)</message>
  <nestedLevel>1</nestedLevel>
</record>
<record>
  <date>2019-03-22T15:40:48</date>
  <millis>1553287248478</millis>
  <sequence>295</sequence>
  <level>START</level>
  <class>com.kms.katalon.core.logging.XmlKeywordLogger</class>
  <method>startKeyword</method>
  <thread>1</thread>
  <message>Start action : click(findTestObject(\&amp;quot;Registrar Denuncia/Formulario_RegistrarDenuncia_Juridica/button_Aceptar\&amp;quot;))</message>
  <nestedLevel>1</nestedLevel>
  <property name="startLine">74</property>
  <property name="stepIndex">24</property>
</record>
<record>
  <date>2019-03-22T15:40:48</date>
  <millis>1553287248719</millis>
  <sequence>302</sequence>
  <level>PASSED</level>
  <class>com.kms.katalon.core.logging.XmlKeywordLogger</class>
  <method>logMessage</method>
  <thread>1</thread>
  <message>Object: &amp;apos;Object Repository/Registrar Denuncia/Formulario_RegistrarDenuncia_Juridica/button_Aceptar&amp;apos; is clicked on</message>
  <nestedLevel>1</nestedLevel>
</record>
<record>
  <date>2019-03-22T15:40:48</date>
  <millis>1553287248720</millis>
  <sequence>303</sequence>
  <level>END</level>
  <class>com.kms.katalon.core.logging.XmlKeywordLogger</class>
  <method>endKeyword</method>
  <thread>1</thread>
  <message>End action : click(findTestObject(\&amp;quot;Registrar Denuncia/Formulario_RegistrarDenuncia_Juridica/button_Aceptar\&amp;quot;))</message>
  <nestedLevel>1</nestedLevel>
</record>
<record>
  <date>2019-03-22T15:40:48</date>
  <millis>1553287248720</millis>
  <sequence>304</sequence>
  <level>START</level>
  <class>com.kms.katalon.core.logging.XmlKeywordLogger</class>
  <method>startKeyword</method>
  <thread>1</thread>
  <message>Start action : closeBrowser()</message>
  <nestedLevel>1</nestedLevel>
  <property name="startLine">76</property>
  <property name="stepIndex">25</property>
</record>
<record>
  <date>2019-03-22T15:40:49</date>
  <millis>1553287249524</millis>
  <sequence>306</sequence>
  <level>PASSED</level>
  <class>com.kms.katalon.core.logging.XmlKeywordLogger</class>
  <method>logMessage</method>
  <thread>1</thread>
  <message>Browser is closed</message>
  <nestedLevel>1</nestedLevel>
</record>
<record>
  <date>2019-03-22T15:40:49</date>
  <millis>1553287249524</millis>
  <sequence>307</sequence>
  <level>END</level>
  <class>com.kms.katalon.core.logging.XmlKeywordLogger</class>
  <method>endKeyword</method>
  <thread>1</thread>
  <message>End action : closeBrowser()</message>
  <nestedLevel>1</nestedLevel>
</record>
<record>
  <date>2019-03-22T15:40:49</date>
  <millis>1553287249526</millis>
  <sequence>308</sequence>
  <level>PASSED</level>
  <class>com.kms.katalon.core.logging.XmlKeywordLogger</class>
  <method>logMessage</method>
  <thread>1</thread>
  <message>Test Cases/Registrar Denuncia/Denuncia Ordinaria/Denuncia Juridica/Formulario_RegistrarDenunciaOrdinaria_Juridica</message>
  <nestedLevel>1</nestedLevel>
</record>
<record>
  <date>2019-03-22T15:40:49</date>
  <millis>1553287249526</millis>
  <sequence>309</sequence>
  <level>END</level>
  <class>com.kms.katalon.core.logging.XmlKeywordLogger</class>
  <method>endTest</method>
  <thread>1</thread>
  <message>End Test Case : Test Cases/Registrar Denuncia/Denuncia Ordinaria/Denuncia Juridica/Formulario_RegistrarDenunciaOrdinaria_Juridica</message>
  <nestedLevel>0</nestedLevel>
</record>
<record>
  <date>2019-03-22T15:40:49</date>
  <millis>1553287249610</millis>
  <sequence>310</sequence>
  <level>START</level>
  <class>com.kms.katalon.core.logging.XmlKeywordLogger</class>
  <method>startTest</method>
  <thread>1</thread>
  <message>Start Test Case : Test Cases/Registrar Denuncia/Denuncia Ordinaria/Denuncia Juridica/Formulario_RegistrarDenunciaOrdinaria_Juridica</message>
  <nestedLevel>1</nestedLevel>
  <property name="name">Test Cases/Registrar Denuncia/Denuncia Ordinaria/Denuncia Juridica/Formulario_RegistrarDenunciaOrdinaria_Juridica</property>
  <property name="description"></property>
  <property name="id">Test Cases/Registrar Denuncia/Denuncia Ordinaria/Denuncia Juridica/Formulario_RegistrarDenunciaOrdinaria_Juridica</property>
  <property name="source">C:\\Users\\Melinna\\Katalon Studio\\SDAntiSoborno-auto\\Test Cases\\Registrar Denuncia\\Denuncia Ordinaria\\Denuncia Juridica\\Formulario_RegistrarDenunciaOrdinaria_Juridica.tc</property>
  <property name="isOptional">false</property>
</record>
<record>
  <date>2019-03-22T15:40:49</date>
  <millis>1553287249645</millis>
  <sequence>312</sequence>
  <level>INFO</level>
  <class>com.kms.katalon.core.logging.XmlKeywordLogger</class>
  <method>logMessage</method>
  <thread>1</thread>
  <message>razonSocial_j = Quipucamayoc SAC</message>
  <nestedLevel>1</nestedLevel>
</record>
<record>
  <date>2019-03-22T15:40:49</date>
  <millis>1553287249645</millis>
  <sequence>313</sequence>
  <level>INFO</level>
  <class>com.kms.katalon.core.logging.XmlKeywordLogger</class>
  <method>logMessage</method>
  <thread>1</thread>
  <message>ruc_j = 20324321654</message>
  <nestedLevel>1</nestedLevel>
</record>
<record>
  <date>2019-03-22T15:40:49</date>
  <millis>1553287249645</millis>
  <sequence>314</sequence>
  <level>INFO</level>
  <class>com.kms.katalon.core.logging.XmlKeywordLogger</class>
  <method>logMessage</method>
  <thread>1</thread>
  <message>direccion_j = Jr. German Amenazaga 766</message>
  <nestedLevel>1</nestedLevel>
</record>
<record>
  <date>2019-03-22T15:40:49</date>
  <millis>1553287249645</millis>
  <sequence>315</sequence>
  <level>INFO</level>
  <class>com.kms.katalon.core.logging.XmlKeywordLogger</class>
  <method>logMessage</method>
  <thread>1</thread>
  <message>telefono_j = 940970099</message>
  <nestedLevel>1</nestedLevel>
</record>
<record>
  <date>2019-03-22T15:40:49</date>
  <millis>1553287249645</millis>
  <sequence>316</sequence>
  <level>INFO</level>
  <class>com.kms.katalon.core.logging.XmlKeywordLogger</class>
  <method>logMessage</method>
  <thread>1</thread>
  <message>representanteL_j = Melinna Rojas</message>
  <nestedLevel>1</nestedLevel>
</record>
<record>
  <date>2019-03-22T15:40:49</date>
  <millis>1553287249645</millis>
  <sequence>317</sequence>
  <level>INFO</level>
  <class>com.kms.katalon.core.logging.XmlKeywordLogger</class>
  <method>logMessage</method>
  <thread>1</thread>
  <message>correo_j = atencion.quipu@unmsm.edu.pe</message>
  <nestedLevel>1</nestedLevel>
</record>
<record>
  <date>2019-03-22T15:40:49</date>
  <millis>1553287249645</millis>
  <sequence>318</sequence>
  <level>INFO</level>
  <class>com.kms.katalon.core.logging.XmlKeywordLogger</class>
  <method>logMessage</method>
  <thread>1</thread>
  <message>entidad_j = Rectorado UNMSM</message>
  <nestedLevel>1</nestedLevel>
</record>
<record>
  <date>2019-03-22T15:40:49</date>
  <millis>1553287249645</millis>
  <sequence>319</sequence>
  <level>INFO</level>
  <class>com.kms.katalon.core.logging.XmlKeywordLogger</class>
  <method>logMessage</method>
  <thread>1</thread>
  <message>fechasPast_j = 18/2/2019</message>
  <nestedLevel>1</nestedLevel>
</record>
<record>
  <date>2019-03-22T15:40:49</date>
  <millis>1553287249655</millis>
  <sequence>320</sequence>
  <level>INFO</level>
  <class>com.kms.katalon.core.logging.XmlKeywordLogger</class>
  <method>logMessage</method>
  <thread>1</thread>
  <message>implicado_j = </message>
  <nestedLevel>1</nestedLevel>
</record>
<record>
  <date>2019-03-22T15:40:49</date>
  <millis>1553287249656</millis>
  <sequence>321</sequence>
  <level>INFO</level>
  <class>com.kms.katalon.core.logging.XmlKeywordLogger</class>
  <method>logMessage</method>
  <thread>1</thread>
  <message>puesto_j = </message>
  <nestedLevel>1</nestedLevel>
</record>
<record>
  <date>2019-03-22T15:40:49</date>
  <millis>1553287249656</millis>
  <sequence>322</sequence>
  <level>INFO</level>
  <class>com.kms.katalon.core.logging.XmlKeywordLogger</class>
  <method>logMessage</method>
  <thread>1</thread>
  <message>detalle_j = Actos de corrupcion a plena luz del d\u00EDa,el denunciado ofrece trabajos a cambio de cierta cantidad de dinero</message>
  <nestedLevel>1</nestedLevel>
</record>
<record>
  <date>2019-03-22T15:40:49</date>
  <millis>1553287249656</millis>
  <sequence>323</sequence>
  <level>INFO</level>
  <class>com.kms.katalon.core.logging.XmlKeywordLogger</class>
  <method>logMessage</method>
  <thread>1</thread>
  <message>fechaPresent_j = </message>
  <nestedLevel>1</nestedLevel>
</record>
<record>
  <date>2019-03-22T15:40:49</date>
  <millis>1553287249671</millis>
  <sequence>324</sequence>
  <level>START</level>
  <class>com.kms.katalon.core.logging.XmlKeywordLogger</class>
  <method>startKeyword</method>
  <thread>1</thread>
  <message>Start action : callTestCase(findTestCase(\&amp;quot;Registrar Denuncia/Denuncia Ordinaria/Ingresar_RegistrarDenunciaOrdinaria\&amp;quot;), [:], STOP_ON_FAILURE)</message>
  <nestedLevel>1</nestedLevel>
  <property name="startLine">16</property>
  <property name="stepIndex">1</property>
</record>
<record>
  <date>2019-03-22T15:40:49</date>
  <millis>1553287249733</millis>
  <sequence>327</sequence>
  <level>START</level>
  <class>com.kms.katalon.core.logging.XmlKeywordLogger</class>
  <method>startTest</method>
  <thread>1</thread>
  <message>Start Test Case : Test Cases/Registrar Denuncia/Denuncia Ordinaria/Ingresar_RegistrarDenunciaOrdinaria</message>
  <nestedLevel>2</nestedLevel>
  <property name="name">Test Cases/Registrar Denuncia/Denuncia Ordinaria/Ingresar_RegistrarDenunciaOrdinaria</property>
  <property name="description"></property>
  <property name="id">Test Cases/Registrar Denuncia/Denuncia Ordinaria/Ingresar_RegistrarDenunciaOrdinaria</property>
  <property name="source">C:\\Users\\Melinna\\Katalon Studio\\SDAntiSoborno-auto\\Test Cases\\Registrar Denuncia\\Denuncia Ordinaria\\Ingresar_RegistrarDenunciaOrdinaria.tc</property>
  <property name="isOptional">false</property>
</record>
<record>
  <date>2019-03-22T15:40:49</date>
  <millis>1553287249756</millis>
  <sequence>329</sequence>
  <level>START</level>
  <class>com.kms.katalon.core.logging.XmlKeywordLogger</class>
  <method>startKeyword</method>
  <thread>1</thread>
  <message>Start action : openBrowser(\&amp;quot;\&amp;quot;)</message>
  <nestedLevel>1</nestedLevel>
  <property name="startLine">16</property>
  <property name="stepIndex">1</property>
</record>
<record>
  <date>2019-03-22T15:40:49</date>
  <millis>1553287249769</millis>
  <sequence>331</sequence>
  <level>INFO</level>
  <class>com.kms.katalon.core.logging.XmlKeywordLogger</class>
  <method>logMessage</method>
  <thread>1</thread>
  <message>Starting &amp;apos;Chrome&amp;apos; driver</message>
  <nestedLevel>2</nestedLevel>
</record>
